  glm.cpp
  MyProject.cpp
C:\Users\Alfredo Landi\source\repos\alfredolandi97\Computer-Graphics-2021-22-Calabrese-Landi\MyProject.hpp(1344,13): error C3254: 'BaseProject': la classe contiene un override esplicito 'loadModel' ma non deriva da un'interfaccia che contiene la dichiarazione di funzione
C:\Users\Alfredo Landi\source\repos\alfredolandi97\Computer-Graphics-2021-22-Calabrese-Landi\MyProject.hpp(1344,13): error C2838: 'loadModel': nome completo non valido nella dichiarazione di membro
C:\Users\Alfredo Landi\source\repos\alfredolandi97\Computer-Graphics-2021-22-Calabrese-Landi\MyProject.hpp(1379,13): error C3254: 'BaseProject': la classe contiene un override esplicito 'createVertexBuffer' ma non deriva da un'interfaccia che contiene la dichiarazione di funzione
C:\Users\Alfredo Landi\source\repos\alfredolandi97\Computer-Graphics-2021-22-Calabrese-Landi\MyProject.hpp(1379,13): error C2838: 'createVertexBuffer': nome completo non valido nella dichiarazione di membro
C:\Users\Alfredo Landi\source\repos\alfredolandi97\Computer-Graphics-2021-22-Calabrese-Landi\MyProject.hpp(1393,13): error C3254: 'BaseProject': la classe contiene un override esplicito 'createIndexBuffer' ma non deriva da un'interfaccia che contiene la dichiarazione di funzione
C:\Users\Alfredo Landi\source\repos\alfredolandi97\Computer-Graphics-2021-22-Calabrese-Landi\MyProject.hpp(1393,13): error C2838: 'createIndexBuffer': nome completo non valido nella dichiarazione di membro
C:\Users\Alfredo Landi\source\repos\alfredolandi97\Computer-Graphics-2021-22-Calabrese-Landi\MyProject.hpp(1403,13): error C3254: 'BaseProject': la classe contiene un override esplicito 'init' ma non deriva da un'interfaccia che contiene la dichiarazione di funzione
C:\Users\Alfredo Landi\source\repos\alfredolandi97\Computer-Graphics-2021-22-Calabrese-Landi\MyProject.hpp(1403,13): error C2838: 'init': nome completo non valido nella dichiarazione di membro
C:\Users\Alfredo Landi\source\repos\alfredolandi97\Computer-Graphics-2021-22-Calabrese-Landi\MyProject.hpp(1410,13): error C3254: 'BaseProject': la classe contiene un override esplicito 'cleanup' ma non deriva da un'interfaccia che contiene la dichiarazione di funzione
C:\Users\Alfredo Landi\source\repos\alfredolandi97\Computer-Graphics-2021-22-Calabrese-Landi\MyProject.hpp(1410,13): error C2838: 'cleanup': nome completo non valido nella dichiarazione di membro
C:\Users\Alfredo Landi\source\repos\alfredolandi97\Computer-Graphics-2021-22-Calabrese-Landi\MyProject.hpp(1423,15): error C3254: 'BaseProject': la classe contiene un override esplicito 'createTextureImage' ma non deriva da un'interfaccia che contiene la dichiarazione di funzione
C:\Users\Alfredo Landi\source\repos\alfredolandi97\Computer-Graphics-2021-22-Calabrese-Landi\MyProject.hpp(1423,15): error C2838: 'createTextureImage': nome completo non valido nella dichiarazione di membro
C:\Users\Alfredo Landi\source\repos\alfredolandi97\Computer-Graphics-2021-22-Calabrese-Landi\MyProject.hpp(1464,15): error C3254: 'BaseProject': la classe contiene un override esplicito 'createTextureImageView' ma non deriva da un'interfaccia che contiene la dichiarazione di funzione
C:\Users\Alfredo Landi\source\repos\alfredolandi97\Computer-Graphics-2021-22-Calabrese-Landi\MyProject.hpp(1464,15): error C2838: 'createTextureImageView': nome completo non valido nella dichiarazione di membro
C:\Users\Alfredo Landi\source\repos\alfredolandi97\Computer-Graphics-2021-22-Calabrese-Landi\MyProject.hpp(1471,15): error C3254: 'BaseProject': la classe contiene un override esplicito 'createTextureSampler' ma non deriva da un'interfaccia che contiene la dichiarazione di funzione
C:\Users\Alfredo Landi\source\repos\alfredolandi97\Computer-Graphics-2021-22-Calabrese-Landi\MyProject.hpp(1471,15): error C2838: 'createTextureSampler': nome completo non valido nella dichiarazione di membro
C:\Users\Alfredo Landi\source\repos\alfredolandi97\Computer-Graphics-2021-22-Calabrese-Landi\MyProject.hpp(1497,15): error C3254: 'BaseProject': la classe contiene un override esplicito 'init' ma non deriva da un'interfaccia che contiene la dichiarazione di funzione
C:\Users\Alfredo Landi\source\repos\alfredolandi97\Computer-Graphics-2021-22-Calabrese-Landi\MyProject.hpp(1497,15): error C2838: 'init': nome completo non valido nella dichiarazione di membro
C:\Users\Alfredo Landi\source\repos\alfredolandi97\Computer-Graphics-2021-22-Calabrese-Landi\MyProject.hpp(1497,55): error C2535: 'void BaseProject::init(BaseProject *,std::string)': funzione membro già definita o dichiarata
C:\Users\Alfredo Landi\source\repos\alfredolandi97\Computer-Graphics-2021-22-Calabrese-Landi\MyProject.hpp(1403): message : vedere la dichiarazione di 'BaseProject::init'
C:\Users\Alfredo Landi\source\repos\alfredolandi97\Computer-Graphics-2021-22-Calabrese-Landi\MyProject.hpp(1504,15): error C3254: 'BaseProject': la classe contiene un override esplicito 'cleanup' ma non deriva da un'interfaccia che contiene la dichiarazione di funzione
C:\Users\Alfredo Landi\source\repos\alfredolandi97\Computer-Graphics-2021-22-Calabrese-Landi\MyProject.hpp(1504,15): error C2838: 'cleanup': nome completo non valido nella dichiarazione di membro
C:\Users\Alfredo Landi\source\repos\alfredolandi97\Computer-Graphics-2021-22-Calabrese-Landi\MyProject.hpp(1504,25): error C2535: 'void BaseProject::cleanup(void)': funzione membro già definita o dichiarata
C:\Users\Alfredo Landi\source\repos\alfredolandi97\Computer-Graphics-2021-22-Calabrese-Landi\MyProject.hpp(1410): message : vedere la dichiarazione di 'BaseProject::cleanup'
C:\Users\Alfredo Landi\source\repos\alfredolandi97\Computer-Graphics-2021-22-Calabrese-Landi\MyProject.hpp(1515,16): error C3254: 'BaseProject': la classe contiene un override esplicito 'init' ma non deriva da un'interfaccia che contiene la dichiarazione di funzione
C:\Users\Alfredo Landi\source\repos\alfredolandi97\Computer-Graphics-2021-22-Calabrese-Landi\MyProject.hpp(1515,16): error C2838: 'init': nome completo non valido nella dichiarazione di membro
C:\Users\Alfredo Landi\source\repos\alfredolandi97\Computer-Graphics-2021-22-Calabrese-Landi\MyProject.hpp(1693,29): error C3254: 'BaseProject': la classe contiene un override esplicito 'readFile' ma non deriva da un'interfaccia che contiene la dichiarazione di funzione
C:\Users\Alfredo Landi\source\repos\alfredolandi97\Computer-Graphics-2021-22-Calabrese-Landi\MyProject.hpp(1693,29): error C2838: 'readFile': nome completo non valido nella dichiarazione di membro
C:\Users\Alfredo Landi\source\repos\alfredolandi97\Computer-Graphics-2021-22-Calabrese-Landi\MyProject.hpp(1709,26): error C3254: 'BaseProject': la classe contiene un override esplicito 'createShaderModule' ma non deriva da un'interfaccia che contiene la dichiarazione di funzione
C:\Users\Alfredo Landi\source\repos\alfredolandi97\Computer-Graphics-2021-22-Calabrese-Landi\MyProject.hpp(1709,26): error C2838: 'createShaderModule': nome completo non valido nella dichiarazione di membro
C:\Users\Alfredo Landi\source\repos\alfredolandi97\Computer-Graphics-2021-22-Calabrese-Landi\MyProject.hpp(1726,16): error C3254: 'BaseProject': la classe contiene un override esplicito 'cleanup' ma non deriva da un'interfaccia che contiene la dichiarazione di funzione
C:\Users\Alfredo Landi\source\repos\alfredolandi97\Computer-Graphics-2021-22-Calabrese-Landi\MyProject.hpp(1726,16): error C2838: 'cleanup': nome completo non valido nella dichiarazione di membro
C:\Users\Alfredo Landi\source\repos\alfredolandi97\Computer-Graphics-2021-22-Calabrese-Landi\MyProject.hpp(1726,26): error C2535: 'void BaseProject::cleanup(void)': funzione membro già definita o dichiarata
C:\Users\Alfredo Landi\source\repos\alfredolandi97\Computer-Graphics-2021-22-Calabrese-Landi\MyProject.hpp(1410): message : vedere la dichiarazione di 'BaseProject::cleanup'
C:\Users\Alfredo Landi\source\repos\alfredolandi97\Computer-Graphics-2021-22-Calabrese-Landi\MyProject.hpp(1731,27): error C3254: 'BaseProject': la classe contiene un override esplicito 'init' ma non deriva da un'interfaccia che contiene la dichiarazione di funzione
C:\Users\Alfredo Landi\source\repos\alfredolandi97\Computer-Graphics-2021-22-Calabrese-Landi\MyProject.hpp(1731,27): error C2838: 'init': nome completo non valido nella dichiarazione di membro
C:\Users\Alfredo Landi\source\repos\alfredolandi97\Computer-Graphics-2021-22-Calabrese-Landi\MyProject.hpp(1755,27): error C3254: 'BaseProject': la classe contiene un override esplicito 'cleanup' ma non deriva da un'interfaccia che contiene la dichiarazione di funzione
C:\Users\Alfredo Landi\source\repos\alfredolandi97\Computer-Graphics-2021-22-Calabrese-Landi\MyProject.hpp(1755,27): error C2838: 'cleanup': nome completo non valido nella dichiarazione di membro
C:\Users\Alfredo Landi\source\repos\alfredolandi97\Computer-Graphics-2021-22-Calabrese-Landi\MyProject.hpp(1755,37): error C2535: 'void BaseProject::cleanup(void)': funzione membro già definita o dichiarata
C:\Users\Alfredo Landi\source\repos\alfredolandi97\Computer-Graphics-2021-22-Calabrese-Landi\MyProject.hpp(1410): message : vedere la dichiarazione di 'BaseProject::cleanup'
C:\Users\Alfredo Landi\source\repos\alfredolandi97\Computer-Graphics-2021-22-Calabrese-Landi\MyProject.hpp(1759,21): error C3254: 'BaseProject': la classe contiene un override esplicito 'init' ma non deriva da un'interfaccia che contiene la dichiarazione di funzione
C:\Users\Alfredo Landi\source\repos\alfredolandi97\Computer-Graphics-2021-22-Calabrese-Landi\MyProject.hpp(1759,21): error C2838: 'init': nome completo non valido nella dichiarazione di membro
C:\Users\Alfredo Landi\source\repos\alfredolandi97\Computer-Graphics-2021-22-Calabrese-Landi\MyProject.hpp(1828,21): error C3254: 'BaseProject': la classe contiene un override esplicito 'cleanup' ma non deriva da un'interfaccia che contiene la dichiarazione di funzione
C:\Users\Alfredo Landi\source\repos\alfredolandi97\Computer-Graphics-2021-22-Calabrese-Landi\MyProject.hpp(1828,21): error C2838: 'cleanup': nome completo non valido nella dichiarazione di membro
C:\Users\Alfredo Landi\source\repos\alfredolandi97\Computer-Graphics-2021-22-Calabrese-Landi\MyProject.hpp(1828,31): error C2535: 'void BaseProject::cleanup(void)': funzione membro già definita o dichiarata
C:\Users\Alfredo Landi\source\repos\alfredolandi97\Computer-Graphics-2021-22-Calabrese-Landi\MyProject.hpp(1410): message : vedere la dichiarazione di 'BaseProject::cleanup'
C:\Users\Alfredo Landi\source\repos\alfredolandi97\Computer-Graphics-2021-22-Calabrese-Landi\MyProject.cpp(16,38): error C2504: 'BaseProject': classe di base non definita
C:\Users\Alfredo Landi\source\repos\alfredolandi97\Computer-Graphics-2021-22-Calabrese-Landi\MyProject.cpp(98,29): error C2059: errore di sintassi: ')'
C:\Users\Alfredo Landi\source\repos\alfredolandi97\Computer-Graphics-2021-22-Calabrese-Landi\MyProject.cpp(102,27): error C2061: errore di sintassi: identificatore 'commandBuffer'
C:\Users\Alfredo Landi\source\repos\alfredolandi97\Computer-Graphics-2021-22-Calabrese-Landi\MyProject.cpp(105,18): error C4430: identificatore di tipo mancante, verrà utilizzato int. Nota: default-int non è più supportato in C++
C:\Users\Alfredo Landi\source\repos\alfredolandi97\Computer-Graphics-2021-22-Calabrese-Landi\MyProject.cpp(105,18): warning C4183: 'vkCmdBindDescriptorSets': tipo restituito mancante. Si presume che sia una funzione membro che restituisce 'int'.
C:\Users\Alfredo Landi\source\repos\alfredolandi97\Computer-Graphics-2021-22-Calabrese-Landi\MyProject.cpp(108,6): error C2059: errore di sintassi: 'static_cast'
C:\Users\Alfredo Landi\source\repos\alfredolandi97\Computer-Graphics-2021-22-Calabrese-Landi\MyProject.cpp(108,58): error C2059: errore di sintassi: ')'
C:\Users\Alfredo Landi\source\repos\alfredolandi97\Computer-Graphics-2021-22-Calabrese-Landi\MyProject.cpp(108,59): error C2238: token imprevisti prima di ';'
C:\Users\Alfredo Landi\source\repos\alfredolandi97\Computer-Graphics-2021-22-Calabrese-Landi\MyProject.cpp(113,2): error C2628: 'BaseProject::MyProject' non può essere seguito da 'void'. Si è omesso ';'?
C:\Users\Alfredo Landi\source\repos\alfredolandi97\Computer-Graphics-2021-22-Calabrese-Landi\MyProject.hpp(264,9): error C3861: 'mainLoop': identificatore non trovato
C:\Users\Alfredo Landi\source\repos\alfredolandi97\Computer-Graphics-2021-22-Calabrese-Landi\MyProject.hpp(339,3): error C3861: 'createImageViews': identificatore non trovato
C:\Users\Alfredo Landi\source\repos\alfredolandi97\Computer-Graphics-2021-22-Calabrese-Landi\MyProject.hpp(340,3): error C3861: 'createRenderPass': identificatore non trovato
C:\Users\Alfredo Landi\source\repos\alfredolandi97\Computer-Graphics-2021-22-Calabrese-Landi\MyProject.hpp(341,3): error C3861: 'createCommandPool': identificatore non trovato
C:\Users\Alfredo Landi\source\repos\alfredolandi97\Computer-Graphics-2021-22-Calabrese-Landi\MyProject.hpp(342,3): error C3861: 'createDepthResources': identificatore non trovato
C:\Users\Alfredo Landi\source\repos\alfredolandi97\Computer-Graphics-2021-22-Calabrese-Landi\MyProject.hpp(343,3): error C3861: 'createFramebuffers': identificatore non trovato
C:\Users\Alfredo Landi\source\repos\alfredolandi97\Computer-Graphics-2021-22-Calabrese-Landi\MyProject.hpp(344,3): error C3861: 'createDescriptorPool': identificatore non trovato
C:\Users\Alfredo Landi\source\repos\alfredolandi97\Computer-Graphics-2021-22-Calabrese-Landi\MyProject.hpp(348,3): error C3861: 'createCommandBuffers': identificatore non trovato
C:\Users\Alfredo Landi\source\repos\alfredolandi97\Computer-Graphics-2021-22-Calabrese-Landi\MyProject.hpp(349,3): error C3861: 'createSyncObjects': identificatore non trovato
C:\Users\Alfredo Landi\source\repos\alfredolandi97\Computer-Graphics-2021-22-Calabrese-Landi\MyProject.hpp(647,5): error C3861: 'chooseSwapSurfaceFormat': identificatore non trovato
C:\Users\Alfredo Landi\source\repos\alfredolandi97\Computer-Graphics-2021-22-Calabrese-Landi\MyProject.hpp(649,5): error C3861: 'chooseSwapPresentMode': identificatore non trovato
C:\Users\Alfredo Landi\source\repos\alfredolandi97\Computer-Graphics-2021-22-Calabrese-Landi\MyProject.hpp(650,23): error C3861: 'chooseSwapExtent': identificatore non trovato
C:\Users\Alfredo Landi\source\repos\alfredolandi97\Computer-Graphics-2021-22-Calabrese-Landi\MyProject.hpp(697,21): error C2601: 'chooseSwapSurfaceFormat': definizioni di funzioni locali non valide
C:\Users\Alfredo Landi\source\repos\alfredolandi97\Computer-Graphics-2021-22-Calabrese-Landi\MyProject.hpp(711,19): error C2601: 'chooseSwapPresentMode': definizioni di funzioni locali non valide
C:\Users\Alfredo Landi\source\repos\alfredolandi97\Computer-Graphics-2021-22-Calabrese-Landi\MyProject.hpp(721,1): error C2601: 'chooseSwapExtent': definizioni di funzioni locali non valide
C:\Users\Alfredo Landi\source\repos\alfredolandi97\Computer-Graphics-2021-22-Calabrese-Landi\MyProject.hpp(739,1): error C2601: 'createImageViews': definizioni di funzioni locali non valide
C:\Users\Alfredo Landi\source\repos\alfredolandi97\Computer-Graphics-2021-22-Calabrese-Landi\MyProject.hpp(749,14): error C2601: 'createImageView': definizioni di funzioni locali non valide
C:\Users\Alfredo Landi\source\repos\alfredolandi97\Computer-Graphics-2021-22-Calabrese-Landi\MyProject.hpp(772,1): error C2601: 'createRenderPass': definizioni di funzioni locali non valide
C:\Users\Alfredo Landi\source\repos\alfredolandi97\Computer-Graphics-2021-22-Calabrese-Landi\MyProject.hpp(830,1): error C2601: 'createFramebuffers': definizioni di funzioni locali non valide
C:\Users\Alfredo Landi\source\repos\alfredolandi97\Computer-Graphics-2021-22-Calabrese-Landi\MyProject.hpp(854,1): error C2601: 'createCommandPool': definizioni di funzioni locali non valide
C:\Users\Alfredo Landi\source\repos\alfredolandi97\Computer-Graphics-2021-22-Calabrese-Landi\MyProject.hpp(868,1): error C2601: 'createDepthResources': definizioni di funzioni locali non valide
C:\Users\Alfredo Landi\source\repos\alfredolandi97\Computer-Graphics-2021-22-Calabrese-Landi\MyProject.hpp(881,7): error C2601: 'createImage': definizioni di funzioni locali non valide
C:\Users\Alfredo Landi\source\repos\alfredolandi97\Computer-Graphics-2021-22-Calabrese-Landi\MyProject.hpp(917,7): error C2601: 'generateMipmaps': definizioni di funzioni locali non valide
C:\Users\Alfredo Landi\source\repos\alfredolandi97\Computer-Graphics-2021-22-Calabrese-Landi\MyProject.hpp(991,7): error C2601: 'transitionImageLayout': definizioni di funzioni locali non valide
C:\Users\Alfredo Landi\source\repos\alfredolandi97\Computer-Graphics-2021-22-Calabrese-Landi\MyProject.hpp(1019,1): error C2601: 'copyBufferToImage': definizioni di funzioni locali non valide
C:\Users\Alfredo Landi\source\repos\alfredolandi97\Computer-Graphics-2021-22-Calabrese-Landi\MyProject.hpp(1038,1): error C2601: 'beginSingleTimeCommands': definizioni di funzioni locali non valide
C:\Users\Alfredo Landi\source\repos\alfredolandi97\Computer-Graphics-2021-22-Calabrese-Landi\MyProject.hpp(1056,1): error C2601: 'endSingleTimeCommands': definizioni di funzioni locali non valide
C:\Users\Alfredo Landi\source\repos\alfredolandi97\Computer-Graphics-2021-22-Calabrese-Landi\MyProject.hpp(1073,7): error C2601: 'createBuffer': definizioni di funzioni locali non valide
C:\Users\Alfredo Landi\source\repos\alfredolandi97\Computer-Graphics-2021-22-Calabrese-Landi\MyProject.hpp(1104,11): error C2601: 'findMemoryType': definizioni di funzioni locali non valide
C:\Users\Alfredo Landi\source\repos\alfredolandi97\Computer-Graphics-2021-22-Calabrese-Landi\MyProject.hpp(1121,1): error C2601: 'createDescriptorPool': definizioni di funzioni locali non valide
C:\Users\Alfredo Landi\source\repos\alfredolandi97\Computer-Graphics-2021-22-Calabrese-Landi\MyProject.hpp(1145,15): error C2575: 'populateCommandBuffer': solo funzioni membro e basi possono essere virtuali
C:\Users\Alfredo Landi\source\repos\alfredolandi97\Computer-Graphics-2021-22-Calabrese-Landi\MyProject.hpp(1145,75): error C2059: errore di sintassi: '='
C:\Users\Alfredo Landi\source\repos\alfredolandi97\Computer-Graphics-2021-22-Calabrese-Landi\MyProject.hpp(1148,1): error C2601: 'createCommandBuffers': definizioni di funzioni locali non valide
C:\Users\Alfredo Landi\source\repos\alfredolandi97\Computer-Graphics-2021-22-Calabrese-Landi\MyProject.hpp(1204,1): error C2601: 'createSyncObjects': definizioni di funzioni locali non valide
C:\Users\Alfredo Landi\source\repos\alfredolandi97\Computer-Graphics-2021-22-Calabrese-Landi\MyProject.hpp(1234,1): error C2601: 'mainLoop': definizioni di funzioni locali non valide
C:\Users\Alfredo Landi\source\repos\alfredolandi97\Computer-Graphics-2021-22-Calabrese-Landi\MyProject.hpp(1244,1): error C2601: 'drawFrame': definizioni di funzioni locali non valide
C:\Users\Alfredo Landi\source\repos\alfredolandi97\Computer-Graphics-2021-22-Calabrese-Landi\MyProject.hpp(1293,15): error C2575: 'updateUniformBuffer': solo funzioni membro e basi possono essere virtuali
C:\Users\Alfredo Landi\source\repos\alfredolandi97\Computer-Graphics-2021-22-Calabrese-Landi\MyProject.hpp(1293,58): error C2059: errore di sintassi: '='
C:\Users\Alfredo Landi\source\repos\alfredolandi97\Computer-Graphics-2021-22-Calabrese-Landi\MyProject.hpp(1295,15): error C2575: 'localCleanup': solo funzioni membro e basi possono essere virtuali
C:\Users\Alfredo Landi\source\repos\alfredolandi97\Computer-Graphics-2021-22-Calabrese-Landi\MyProject.hpp(1295,30): error C2059: errore di sintassi: '='
C:\Users\Alfredo Landi\source\repos\alfredolandi97\Computer-Graphics-2021-22-Calabrese-Landi\MyProject.hpp(1299,1): error C2601: 'cleanup': definizioni di funzioni locali non valide
C:\Users\Alfredo Landi\source\repos\alfredolandi97\Computer-Graphics-2021-22-Calabrese-Landi\MyProject.hpp(1370,4): error C2065: 'vertices': identificatore non dichiarato
C:\Users\Alfredo Landi\source\repos\alfredolandi97\Computer-Graphics-2021-22-Calabrese-Landi\MyProject.hpp(1371,4): error C2065: 'indices': identificatore non dichiarato
C:\Users\Alfredo Landi\source\repos\alfredolandi97\Computer-Graphics-2021-22-Calabrese-Landi\MyProject.hpp(1371,22): error C2065: 'vertices': identificatore non dichiarato
C:\Users\Alfredo Landi\source\repos\alfredolandi97\Computer-Graphics-2021-22-Calabrese-Landi\MyProject.hpp(1380,35): error C2065: 'vertices': identificatore non dichiarato
C:\Users\Alfredo Landi\source\repos\alfredolandi97\Computer-Graphics-2021-22-Calabrese-Landi\MyProject.hpp(1380,50): error C2065: 'vertices': identificatore non dichiarato
C:\Users\Alfredo Landi\source\repos\alfredolandi97\Computer-Graphics-2021-22-Calabrese-Landi\MyProject.hpp(1382,2): error C2065: 'BP': identificatore non dichiarato
C:\Users\Alfredo Landi\source\repos\alfredolandi97\Computer-Graphics-2021-22-Calabrese-Landi\MyProject.hpp(1385,7): error C2065: 'vertexBuffer': identificatore non dichiarato
C:\Users\Alfredo Landi\source\repos\alfredolandi97\Computer-Graphics-2021-22-Calabrese-Landi\MyProject.hpp(1385,21): error C2065: 'vertexBufferMemory': identificatore non dichiarato
C:\Users\Alfredo Landi\source\repos\alfredolandi97\Computer-Graphics-2021-22-Calabrese-Landi\MyProject.hpp(1388,14): error C2065: 'BP': identificatore non dichiarato
C:\Users\Alfredo Landi\source\repos\alfredolandi97\Computer-Graphics-2021-22-Calabrese-Landi\MyProject.hpp(1388,26): error C2065: 'vertexBufferMemory': identificatore non dichiarato
C:\Users\Alfredo Landi\source\repos\alfredolandi97\Computer-Graphics-2021-22-Calabrese-Landi\MyProject.hpp(1389,15): error C2065: 'vertices': identificatore non dichiarato
C:\Users\Alfredo Landi\source\repos\alfredolandi97\Computer-Graphics-2021-22-Calabrese-Landi\MyProject.hpp(1389,1): error C2660: 'memcpy': la funzione non accetta 2 argomenti
C:\Users\Alfredo Landi\source\repos\alfredolandi97\Computer-Graphics-2021-22-Calabrese-Landi\MyProject.hpp(1389,1): fatal error C1003: il conteggio degli errori supera 100. Interruzione della compilazione
  Generazione del codice in corso...
